<?xml version="1.0" encoding="UTF-8"?>
<!-- Generated by org.testng.reporters.JUnitReportReporter -->
<testsuite hostname="LAP-TZD-1x76965" failures="1" tests="1" name="com.lhh.test.ofc.MsNgenSupportTests" time="327.016" errors="0" timestamp="2021-07-23T18:37:07 IST" skipped="0">
  <testcase classname="com.lhh.test.ofc.MsNgenSupportTests" name="TC_17806_verifyIsReadyForBrandingFlagAndCompleteBranding" time="327.016">
    <failure message="Authentication page is not filled" type="java.lang.AssertionError">
      <![CDATA[java.lang.AssertionError: Authentication page is not filled
at org.testng.Assert.fail(Assert.java:97)
at com.lhh.framework.reports.ReportStep.hardFail(ReportStep.java:87)
at com.lhh.test.businessfunctions.CandidateAuthenticationPage.completeCandidateAutoAuthentication(CandidateAuthenticationPage.java:104)
at com.lhh.test.ofc.MsNgenSupportTests.TC_17806_verifyIsReadyForBrandingFlagAndCompleteBranding(MsNgenSupportTests.java:112)
at java.base/jdk.internal.reflect.NativeMethodAccessorImpl.invoke0(Native Method)
at java.base/jdk.internal.reflect.NativeMethodAccessorImpl.invoke(NativeMethodAccessorImpl.java:64)
at java.base/jdk.internal.reflect.DelegatingMethodAccessorImpl.invoke(DelegatingMethodAccessorImpl.java:43)
at java.base/java.lang.reflect.Method.invoke(Method.java:564)
at org.testng.internal.MethodInvocationHelper.invokeMethod(MethodInvocationHelper.java:134)
at org.testng.internal.TestInvoker.invokeMethod(TestInvoker.java:597)
at org.testng.internal.TestInvoker.invokeTestMethod(TestInvoker.java:173)
at org.testng.internal.MethodRunner.runInSequence(MethodRunner.java:46)
at org.testng.internal.TestInvoker$MethodInvocationAgent.invoke(TestInvoker.java:816)
at org.testng.internal.TestInvoker.invokeTestMethods(TestInvoker.java:146)
at org.testng.internal.TestMethodWorker.invokeTestMethods(TestMethodWorker.java:146)
at org.testng.internal.TestMethodWorker.run(TestMethodWorker.java:128)
at java.base/java.util.ArrayList.forEach(ArrayList.java:1511)
at org.testng.TestRunner.privateRun(TestRunner.java:766)
at org.testng.TestRunner.run(TestRunner.java:587)
at org.testng.SuiteRunner.runTest(SuiteRunner.java:384)
at org.testng.SuiteRunner.runSequentially(SuiteRunner.java:378)
at org.testng.SuiteRunner.privateRun(SuiteRunner.java:337)
at org.testng.SuiteRunner.run(SuiteRunner.java:286)
at org.testng.SuiteRunnerWorker.runSuite(SuiteRunnerWorker.java:53)
at org.testng.SuiteRunnerWorker.run(SuiteRunnerWorker.java:96)
at org.testng.TestNG.runSuitesSequentially(TestNG.java:1187)
at org.testng.TestNG.runSuitesLocally(TestNG.java:1109)
at org.testng.TestNG.runSuites(TestNG.java:1039)
at org.testng.TestNG.run(TestNG.java:1007)
at org.testng.remote.AbstractRemoteTestNG.run(AbstractRemoteTestNG.java:115)
at org.testng.remote.RemoteTestNG.initAndRun(RemoteTestNG.java:251)
at org.testng.remote.RemoteTestNG.main(RemoteTestNG.java:77)
]]>
    </failure>
  </testcase> <!-- TC_17806_verifyIsReadyForBrandingFlagAndCompleteBranding -->
  <system-out>
emailSSOElement is found successfully Entered the sumit.dey@lhh.com in the emailSSO textbox successfully passwordSSOElement is found successfully Entered the Alphabeta@@0066 in the passwordSSO textbox successfully signInSSOElement is found successfully Clicked on signInSSO element successfully SSO Login is done successfully homePageHeaderElement is found successfully homePageHeaderElement is found successfully Colleague failed to land on Home page Colleague lands on Home page successfully quickSearchElement is found successfully Clicked on quickSearch element successfully quickSearchElement is found successfully Entered the 22718140 in the quickSearch textbox successfully quickGoBtnElement is found successfully Clicked on quickGoBtn element successfully Searched successfully createReferralBtnElement is found successfully Clicked on createReferralBtn element successfully chooseReferralTempleteBtnElement is found successfully Clicked on chooseReferralTempleteBtn element successfully referralTempleteListElement is found successfully Selected the US Template from dropdown referralTempleteList successfully referralTempleteSaveBtnElement is found successfully Clicked on referralTempleteSaveBtn element successfully referralTempleteSaveBtnElement is found successfully Clicked on referralTempleteSaveBtn element successfully clientDetailsTabElement is found successfully Clicked on clientDetailsTab element successfully Navigated to client Details Tab successfully clientFirstNameElement is found successfully Entered the Elinore in the clientFirstName textbox successfully clientLastNameNameElement is found successfully Entered the Stamm_ATest in the clientLastNameName textbox successfully middleNameElement is found successfully Entered the 25535 in the middleName textbox successfully clientEmailElement is found successfully Entered the libby_kozey220@hotmail.com in the clientEmail textbox successfully orbitSaveBtnElement is found successfully Clicked on orbitSaveBtn element successfully referralFunctionListElement is found successfully Selected the Change Referral/Client Status from dropdown referralFunctionList successfully goBtnElement is found successfully Clicked on goBtn element successfully activeCheckElement is found successfully Clicked on activeCheck element successfully nextBtnElement is found successfully Clicked on nextBtn element successfully terminationReasonElement is found successfully Selected the Chemistry from dropdown terminationReason successfully statusReasonElement is found successfully Selected the Seeking Employment from dropdown statusReason successfully colleagueSelectionBtnElement is found successfully Clicked on colleagueSelectionBtn element successfully moreColleagueOptionElement is found successfully Clicked on moreColleagueOption element successfully colleageSearchBoxElement is found successfully Entered the Dey, Sumit in the colleageSearchBox textbox successfully inputGoBtnElement is found successfully Clicked on inputGoBtn element successfully collegaueSelectElement is found successfully Clicked on collegaueSelect element successfully referralTempleteSaveBtnElement is found successfully Clicked on referralTempleteSaveBtn element successfully enablePortalAcessCheckElement is found successfully Clicked on enablePortalAcessCheck element successfully nextBtnElement is found successfully Clicked on nextBtn element successfully finishBtnElement is found successfully Clicked on finishBtn element successfully clientDetailsTabElement is found successfully Clicked on clientDetailsTab element successfully Navigated to client Details Tab successfully userIDElement is found successfully Text value found for the :userID usernameCRNElement is found successfully Entered the estam1063 in the usernameCRN textbox successfully passwordCRNElement is found successfully Entered the estam1063 in the passwordCRN textbox successfully letsdothisCRNElement is found successfully letsdothisCRNElement is found successfully Clicked on letsdothisCRN element successfully CRN Login is done successfully CookieBannerCloseBtnElement is found successfully Clicked on CookieBannerCloseBtn element successfully Cookie Banner closed successfully newUserNameCRNElement is found successfully Entered the estam1063 in the newUserNameCRN textbox successfully newPasswordCRNElement is found successfully Entered the P@ssword123 in the newPasswordCRN textbox successfully privacyNoticeCheckBoxElement is found successfully Clicked on privacyNoticeCheckBox element successfully MarketCommunicationCheckBoxElement is found successfully Clicked on MarketCommunicationCheckBox element successfully TermsOfUseCheckBoxElement is found successfully Clicked on TermsOfUseCheckBox element successfully CookiePolicyCheckBoxElement is found successfully Clicked on CookiePolicyCheckBox element successfully siteEnterBtnElement is found successfully Clicked on siteEnterBtn element successfully  </system-out>
</testsuite> <!-- com.lhh.test.ofc.MsNgenSupportTests -->
