<?xml version="1.0" encoding="UTF-8"?>
<!-- Generated by org.testng.reporters.JUnitReportReporter -->
<testsuite hostname="LAP-TZD-1x76965" failures="0" tests="1" name="com.lhh.test.hrportal.CAPLoginTest" time="207.411" errors="1" timestamp="2021-09-13T10:23:14 IST" skipped="0">
  <testcase classname="com.lhh.test.hrportal.CAPLoginTest" name="TC_53196_verifyUIOfForgotUsernameConfirmationPage" time="207.411">
    <error message="Cannot invoke &quot;org.testng.asserts.SoftAssert.assertAll()&quot; because &quot;this.softAssert&quot; is null" type="java.lang.NullPointerException">
      <![CDATA[java.lang.NullPointerException: Cannot invoke "org.testng.asserts.SoftAssert.assertAll()" because "this.softAssert" is null
at com.lhh.framework.reports.ReportStep.fail(ReportStep.java:70)
at com.lhh.framework.seleniumactions.SeleniumHelper.validateExpectedText(SeleniumHelper.java:739)
at com.lhh.test.businessfunctions.CAPForgotUserNamePage.verifyConfirmationMessageInForgotUsername(CAPForgotUserNamePage.java:71)
at com.lhh.test.hrportal.CAPLoginTest.TC_53196_verifyUIOfForgotUsernameConfirmationPage(CAPLoginTest.java:61)
at java.base/jdk.internal.reflect.NativeMethodAccessorImpl.invoke0(Native Method)
at java.base/jdk.internal.reflect.NativeMethodAccessorImpl.invoke(NativeMethodAccessorImpl.java:64)
at java.base/jdk.internal.reflect.DelegatingMethodAccessorImpl.invoke(DelegatingMethodAccessorImpl.java:43)
at java.base/java.lang.reflect.Method.invoke(Method.java:564)
at org.testng.internal.MethodInvocationHelper.invokeMethod(MethodInvocationHelper.java:134)
at org.testng.internal.TestInvoker.invokeMethod(TestInvoker.java:597)
at org.testng.internal.TestInvoker.invokeTestMethod(TestInvoker.java:173)
at org.testng.internal.MethodRunner.runInSequence(MethodRunner.java:46)
at org.testng.internal.TestInvoker$MethodInvocationAgent.invoke(TestInvoker.java:816)
at org.testng.internal.TestInvoker.invokeTestMethods(TestInvoker.java:146)
at org.testng.internal.TestMethodWorker.invokeTestMethods(TestMethodWorker.java:146)
at org.testng.internal.TestMethodWorker.run(TestMethodWorker.java:128)
at java.base/java.util.ArrayList.forEach(ArrayList.java:1511)
at org.testng.TestRunner.privateRun(TestRunner.java:766)
at org.testng.TestRunner.run(TestRunner.java:587)
at org.testng.SuiteRunner.runTest(SuiteRunner.java:384)
at org.testng.SuiteRunner.runSequentially(SuiteRunner.java:378)
at org.testng.SuiteRunner.privateRun(SuiteRunner.java:337)
at org.testng.SuiteRunner.run(SuiteRunner.java:286)
at org.testng.SuiteRunnerWorker.runSuite(SuiteRunnerWorker.java:53)
at org.testng.SuiteRunnerWorker.run(SuiteRunnerWorker.java:96)
at org.testng.TestNG.runSuitesSequentially(TestNG.java:1187)
at org.testng.TestNG.runSuitesLocally(TestNG.java:1109)
at org.testng.TestNG.runSuites(TestNG.java:1039)
at org.testng.TestNG.run(TestNG.java:1007)
at org.testng.remote.AbstractRemoteTestNG.run(AbstractRemoteTestNG.java:115)
at org.testng.remote.RemoteTestNG.initAndRun(RemoteTestNG.java:251)
at org.testng.remote.RemoteTestNG.main(RemoteTestNG.java:77)
]]>
    </error>
  </testcase> <!-- TC_53196_verifyUIOfForgotUsernameConfirmationPage -->
  <system-out>
forgotUserNameElement is found successfully user is landing on forgotusername page headerforUsernameForgotText1Element is found successfully Expected Color matched with the Actual Color headerforUsernameForgotText2Element is found successfully Expected Color matched with the Actual Color headerforUsernameForgotElement is found successfully Text value found for the :headerforUsernameForgot That's OK,
it happens to everybody is having the text That's OK, headerforUsernameForgotElement is found successfully Expected font matched with the Actual font Expected Text,color and font are matched successfully forgotUserNameLabelElement is found successfully Text value found for the :forgotUserNameLabel Actual text is matched with the exptected text forgotUserNameLabelElement is found successfully Expected font matched with the Actual font Expected text ,color and font are matched successfully forgotUsernameInputElement is found successfully Entered the Kiruthika.Rangasamy@lhh.com in the forgotUsernameInput textbox successfully sendmyusernameElement is found successfully Expected Color matched with the Actual Color sendmyusernameElement is found successfully Text value found for the :sendmyusername Actual text is matched with the exptected text Expected text and color are matched successfully sendmyusernameElement is found successfully Clicked on sendmyusername element successfully confirmationMessageElement is found successfully Text value found for the :confirmationMessage  </system-out>
</testsuite> <!-- com.lhh.test.hrportal.CAPLoginTest -->
