<?xml version="1.0" encoding="UTF-8"?>
<!-- Generated by org.testng.reporters.JUnitReportReporter -->
<testsuite hostname="LAP-TZD-1x76965" failures="1" tests="1" name="com.lhh.test.redeployment.RedeploymentProfileMatchTests" time="179.153" errors="0" timestamp="2021-08-03T18:43:24 IST" skipped="0">
  <testcase classname="com.lhh.test.redeployment.RedeploymentProfileMatchTests" name="TC_47548_verfiyDataOnProfileMatchScreenProfileIsIncomplete" time="179.153">
    <failure message="Element is not displayed" type="java.lang.AssertionError">
      <![CDATA[java.lang.AssertionError: Element is not displayed
at org.testng.Assert.fail(Assert.java:97)
at com.lhh.framework.reports.ReportStep.hardFail(ReportStep.java:85)
at com.lhh.framework.seleniumactions.SeleniumHelper.isElementDisplayed(SeleniumHelper.java:1273)
at com.lhh.test.businessfunctions.RedeploymentProfilePage.navigateToAboutMe_tab(RedeploymentProfilePage.java:1074)
at com.lhh.test.redeployment.RedeploymentProfileMatchTests.TC_47548_verfiyDataOnProfileMatchScreenProfileIsIncomplete(RedeploymentProfileMatchTests.java:105)
at java.base/jdk.internal.reflect.NativeMethodAccessorImpl.invoke0(Native Method)
at java.base/jdk.internal.reflect.NativeMethodAccessorImpl.invoke(NativeMethodAccessorImpl.java:64)
at java.base/jdk.internal.reflect.DelegatingMethodAccessorImpl.invoke(DelegatingMethodAccessorImpl.java:43)
at java.base/java.lang.reflect.Method.invoke(Method.java:564)
at org.testng.internal.MethodInvocationHelper.invokeMethod(MethodInvocationHelper.java:134)
at org.testng.internal.TestInvoker.invokeMethod(TestInvoker.java:597)
at org.testng.internal.TestInvoker.invokeTestMethod(TestInvoker.java:173)
at org.testng.internal.MethodRunner.runInSequence(MethodRunner.java:46)
at org.testng.internal.TestInvoker$MethodInvocationAgent.invoke(TestInvoker.java:816)
at org.testng.internal.TestInvoker.invokeTestMethods(TestInvoker.java:146)
at org.testng.internal.TestMethodWorker.invokeTestMethods(TestMethodWorker.java:146)
at org.testng.internal.TestMethodWorker.run(TestMethodWorker.java:128)
at java.base/java.util.ArrayList.forEach(ArrayList.java:1511)
at org.testng.TestRunner.privateRun(TestRunner.java:766)
at org.testng.TestRunner.run(TestRunner.java:587)
at org.testng.SuiteRunner.runTest(SuiteRunner.java:384)
at org.testng.SuiteRunner.runSequentially(SuiteRunner.java:378)
at org.testng.SuiteRunner.privateRun(SuiteRunner.java:337)
at org.testng.SuiteRunner.run(SuiteRunner.java:286)
at org.testng.SuiteRunnerWorker.runSuite(SuiteRunnerWorker.java:53)
at org.testng.SuiteRunnerWorker.run(SuiteRunnerWorker.java:96)
at org.testng.TestNG.runSuitesSequentially(TestNG.java:1187)
at org.testng.TestNG.runSuitesLocally(TestNG.java:1109)
at org.testng.TestNG.runSuites(TestNG.java:1039)
at org.testng.TestNG.run(TestNG.java:1007)
at org.testng.remote.AbstractRemoteTestNG.run(AbstractRemoteTestNG.java:115)
at org.testng.remote.RemoteTestNG.initAndRun(RemoteTestNG.java:251)
at org.testng.remote.RemoteTestNG.main(RemoteTestNG.java:77)
]]>
    </failure>
  </testcase> <!-- TC_47548_verfiyDataOnProfileMatchScreenProfileIsIncomplete -->
  <system-out>
usernameCRNElement is found successfully Entered the spriya17 in the usernameCRN textbox successfully passwordCRNElement is found successfully Entered the P@ssword123 in the passwordCRN textbox successfully letsdothisCRNElement is found successfully letsdothisCRNElement is found successfully Clicked on letsdothisCRN element successfully CRN Login is done successfully redeploymentProfileIconOnHomePageElement is found successfully Clicked on redeploymentProfileIconOnHomePage element successfully AboutMeElement is found successfully AboutMeElement is found successfully HighlightedProfileIconElement is found successfully Expected Color matched with the Actual Color resumeSubMenuElement is found successfully resumeSubMenuElement is found successfully resumeSubMenuElement is found successfully redeploymentMyIdealJobTabElement is found successfully My Ideal Job Tab is not present redeploymentMyIdealJobTitlesElement is found successfully My Ideal Job Title is not present redeploymentJobPrimarySearchLocationTitleElement is found successfully Primary Search Location is not present redeploymentResumeMyIdealJobPlusIconElement is found successfully redeploymentResumeMyIdealJobPlusIconElement is found successfully redeploymentResumemyIdealJobTitleElement is found successfully redeploymentResumemyIdealJobTitleElement is found successfully redeploymentResumemyIdealJobTitleElement is found successfully Entered the  in the redeploymentResumemyIdealJobTitle textbox successfully redeploymentResumemyIdealJobLocationElement is found successfully redeploymentResumemyIdealJobLocationElement is found successfully Entered the  in the redeploymentResumemyIdealJobLocation textbox successfully redeploymentMyIdealCompanyElement is found successfully redeploymentMyIdealCompanyElement is found successfully Entered the  in the redeploymentMyIdealCompany textbox successfully redeploymentUpdateMyIdealJobElement is found successfully redeploymentJobsElement is found successfully redeploymentJobSearchTitleElement is found successfully Clicked on redeploymentJobSearchTitle element successfully redeploymentProfileMatchTabElement is found successfully redeploymentProfileMatchElement is found successfully redeploymentProfileMatchElement is found successfully Profile Match is not active by default redeploymentIncompleteMessageInProfileMatchElement is found successfully redeploymentIncompleteMessageInProfileMatchElement is found successfully redeploymentIncompleteMessageInProfileMatchElement is found successfully Text value found for the :redeploymentIncompleteMessageInProfileMatch Actual text is matched with the exptected text redeploymentProfileIconOnHomePageElement is found successfully Clicked on redeploymentProfileIconOnHomePage element successfully AboutMeElement is found successfully  </system-out>
</testsuite> <!-- com.lhh.test.redeployment.RedeploymentProfileMatchTests -->
